This is pdfTeX, Version 3.141592653-2.6-1.40.25 (TeX Live 2023/Built by MSYS2 project) (preloaded format=pdfcsplain 2024.11.11)  13 NOV 2024 17:45
entering extended mode
 restricted \write18 enabled.
 %&-line parsing enabled.
 encTeX v. Jun. 2004, reencoding enabled
**src/CompilerTheory.tex
(./src/CompilerTheory.tex The format: csplain <Mar. 2022>.
The cs-fonts are preloaded and A4 size implicitly defined.
The utf8->iso8859-2 re-encoding of Czech+Slovak alphabet activated by encTeX
(c:/Users/petrh/texmf/tex/plane/tmac/tmac.tex
\tmpnum=\count28
\tmpdim=\dimen16
\iindent=\dimen17
\ttindent=\dimen18
\colsep=\dimen19
\mnoteindent=\dimen20
\mnotesize=\dimen21
\titskip=\skip18
\ptunit=\dimen22
\fontdim=\dimen23

(c:/msys64/mingw64/share/texmf-dist/tex/csplain/fonts/ams-math.tex
FONT: AMS math fonts - \mathchardef's prepared, 12 math families preloaded.
\ptmunit=\dimen24
)
The \^, \`, \', \v, \" and \r expands to characters by ISO-8859-2.
\reffile=\write0
\testin=\read0
\chapnum=\count29
\secnum=\count30
\seccnum=\count31
\nonumnum=\count32
\remskipamount=\skip19
\tnum=\count33
\fnum=\count34
\dnum=\count35
\itemnum=\count36
\mullines=\count37
\oulnum=\count38
\ttline=\count39
\viline=\count40
\vifile=\read1
\tabdata=\toks12
\colnum=\count41
\drulewidth=\dimen25
\picwidth=\dimen26
\picheight=\dimen27
\fnotenum=\count42
\fnotenumlocal=\count43
\mnotenum=\count44
\mnoteskip=\dimen28
\auxfile=\write1
\bibnum=\count45
\bibmark=\toks13
\lastcitenum=\count46
\lastpage=\count47
\pgwidth=\dimen29
\pgheight=\dimen30
\shiftoffset=\dimen31

(pdf//CompilerTheory.ref)
\openout0 = `CompilerTheory.ref'.

)
cs hyphenation used (\language=5). \frenchspacing is set on. (./src/Title.tex
[1{c:/msys64/mingw64/var/lib/texmf/fonts/map/pdftex/updmap/pdftex.map}]
[2]) (./src/Introduction.tex) [1 <./img/compiler_role.png>]
(./src/CompilerStructure.tex [2 <./img/compiler_structure.png>]
Underfull \vbox (badness 1668) has occurred while \output is active
\vbox(731.23584+2.7222)x455.24411, glue set 2.557
.\glue(\topskip) 0.0
.\hbox(157.83366+0.0)x455.24411
..\glue 0.0 plus 1.0fil minus 1.0fil
..\hbox(157.83366+0.0)x455.24411
...\pdfrefximage(157.83366+0.0)x455.24411
..\glue 0.0 plus 1.0fil minus 1.0fil
.\penalty 10000
.\glue 10.0 plus 3.33313 minus 3.33313
.\glue(\parskip) 0.0 plus 1.0
.\glue(\baselineskip) 10.2778
.\hbox(9.7222+2.7222)x455.24411, glue set 56.90195fil
..\glue(\leftskip) 20.0 plus 1.0fil
..\tenbf O
..\tenbf b
..\tenbf r
..\tenbf á
..\tenbf z
..\tenbf e
..\tenbf k
..\glue 5.25 plus 2.625 minus 1.75
..\tenbf 2
..\tenbf .
..\tenbf 1
..\tenbf .
..\tenbf 1
..\kern 6.8541
..\tenrm P
..\tenrm r
..\tenrm o
..\kern0.38078
..\tenrm c
..\tenrm e
..\tenrm s
..\glue 4.5694 plus 2.2847 minus 1.52313
..\tenrm p
..\tenrm ř
..\tenrm e
..\tenrm k
..\tenrm l
..\tenrm a
..\tenrm d
..etc.
.\penalty -200
.\glue 10.0 plus 3.33313 minus 3.33313
.\glue(\parskip) 0.0 plus 1.0
.\glue(\baselineskip) 9.61191
.\hbox(11.66736+3.26685)x455.24411, glue set 290.3568fil
..\write0<3>{\string \Xtoc {2}{\noexpand \rm }{2.1.1}{Preprocesing}{\the \pagen
o }}
..\tenbf 2
..\tenbf .
..\tenbf 1
..\tenbf .
..\tenbf 1
..\glue 18.90115
..\tenbf P
..\tenbf r
..\tenbf e
..\tenbf p
..\tenbf r
..\tenbf o
..\kern0.52502
..\tenbf c
..\tenbf e
..\tenbf s
..\tenbf i
..\tenbf n
..\tenbf g
..\penalty 10000
..\glue(\parfillskip) 0.0 plus 1.0fil
..\glue(\rightskip) 0.0
.\penalty 10000
.\glue 10.0 plus 3.33313 minus 3.33313
.\penalty 11333
.\glue(\parskip) 0.0 plus 1.0
.\glue(\baselineskip) 7.08871
.\hbox(9.64444+2.7222)x455.24411, glue set 0.05756
..\tenrm P
..\tenrm r
..\tenrm e
..\tenrm p
..\tenrm r
..\tenrm o
..\kern0.38078
..\tenrm c
..\tenrm e
..\tenrm s
..\tenrm o
..\tenrm r
..\glue 4.5694 plus 2.2847 minus 1.52313
..\tenrm j
..\tenrm e
..\glue 4.5694 plus 2.2847 minus 1.52313
..\tenrm n
..\tenrm á
..\discretionary
...\tenrm -
..\tenrm s
..\tenrm t
..\tenrm r
..\tenrm o
..\kern0.76157
..\tenrm j
..\glue 4.5694 plus 2.2847 minus 1.52313
..\tenrm v
..\glue 4.5694 plus 2.2847 minus 1.52313
..\tenrm p
..\tenrm r
..etc.
.\penalty 10000
.\glue(\baselineskip) 7.63336
.\hbox(9.64444+2.7222)x455.24411, glue set - 0.08583
..\tenrm p
..\tenrm r
..\discretionary replacing 2
...\tenrm o
...\tenrm -
..\tenrm o
..\kern-0.38078
..\tenrm v
..\kern-0.38078
..\tenrm é
..\tenrm s
..\tenrm t
..\glue 4.5694 plus 2.2847 minus 1.52313
..\tenrm ú
..\tenrm p
..\tenrm r
..\tenrm a
..\kern-0.38078
..\tenrm v
..\tenrm y
..\glue 4.5694 plus 2.2847 minus 1.52313
..\tenrm k
..\kern-0.38078
..\tenrm ó
..\kern0.38078
..\tenrm d
..\tenrm u
..\glue 4.5694 plus 2.2847 minus 1.52313
..\tenrm p
..\tenrm ř
..\tenrm e
..\tenrm d
..etc.
.\penalty 100
.\glue(\baselineskip) 7.63336
.\hbox(9.64444+2.7222)x455.24411, glue set - 0.76814
..\tenrm c
..\tenrm i
..\discretionary
...\tenrm -
..\tenrm ^^L (ligature fi)
..\tenrm c
..\kern-0.38078
..\tenrm k
..\kern-0.38078
..\tenrm é
..\glue 4.5694 plus 2.2847 minus 1.52313
..\tenrm p
..\tenrm ř
..\tenrm í
..\discretionary
...\tenrm -
..\tenrm k
..\kern-0.38078
..\tenrm a
..\tenrm z
..\tenrm y
..\glue 4.5694 plus 2.2847 minus 1.52313
..\tenrm n
..\tenrm e
..\tenrm b
..\kern0.38078
..\tenrm o
..\glue 4.5694 plus 2.2847 minus 1.52313
..\tenrm d
..\tenrm i
..\discretionary
...\tenrm -
..\tenrm r
..etc.
.\penalty 100
.\glue(\baselineskip) 7.63336
.\hbox(9.64444+2.7222)x455.24411, glue set - 0.40132
..\tenrm b
..\kern0.38078
..\tenrm o
..\tenrm r
..\tenrm ů
..\tenrm ,
..\glue 4.5694 plus 2.2847 minus 1.52313
..\tenrm d
..\tenrm e
..\discretionary
...\tenrm -
..\tenrm ^^L (ligature fi)
..\discretionary
...\tenrm -
..\tenrm n
..\tenrm i
..\tenrm c
..\tenrm i
..\glue 4.5694 plus 2.2847 minus 1.52313
..\tenrm k
..\kern-0.38078
..\tenrm o
..\tenrm n
..\discretionary
...\tenrm -
..\tenrm s
..\tenrm t
..\tenrm a
..\tenrm n
..\kern-0.38078
..\tenrm t
..\glue 4.5694 plus 2.2847 minus 1.52313
..\tenrm a
..etc.
.\glue(\baselineskip) 7.63336
.\hbox(9.64444+2.7222)x455.24411, glue set 0.22124
..\tenrm j
..\tenrm e
..\tenrm š
..\tenrm t
..\tenrm ě
..\glue 4.5694 plus 2.2847 minus 1.52313
..\tenrm p
..\tenrm ř
..\tenrm e
..\tenrm d
..\glue 4.5694 plus 2.2847 minus 1.52313
..\tenrm a
..\tenrm n
..\tenrm a
..\discretionary
...\tenrm -
..\tenrm l
..\tenrm ý
..\discretionary
...\tenrm -
..\tenrm z
..\tenrm o
..\tenrm u
..\glue 4.5694 plus 2.2847 minus 1.52313
..\tenrm s
..\tenrm y
..\discretionary replacing 2
...\tenrm n
...\tenrm -
..\tenrm n
..\kern-0.38078
..\tenrm t
..\tenrm a
..\tenrm x
..etc.
.\glue(\baselineskip) 7.63336
.etc.

 [3 <./img/compiler_process_overview.png>] [4 <./img/compile_steps.png>] [5]) [
6]
(./src/LexicalAnalysis.tex) [7] (./src/SyntacticAnalysis.tex) [8]
(./src/ErrorHandling.tex [9] [10]) [11] (./src/PackageManagement.tex) [12]
(./src/SemanticAnalysis.tex) [13] (./src/IntermediateRepresentation.tex)
[14] (./src/Optimisation.tex) [15] (./src/MemoryManagementAndRuntime.tex)
[16] (./src/RegisterAllocation.tex) [17] (./src/CodeGeneration.tex) [18]
(./src/JustInTimeCompilation.tex) [19] (./src/LinkingAndLoading.tex) [20] )<c:/
msys64/mingw64/share/texmf-dist/fonts/type1/public/amsfonts/cm/cmsy10.pfb><c:/m
sys64/mingw64/share/texmf-dist/fonts/type1/public/cs/csbx12.pfb><c:/msys64/ming
w64/share/texmf-dist/fonts/type1/public/cs/csr10.pfb><c:/msys64/mingw64/share/t
exmf-dist/fonts/type1/public/cs/csr12.pfb>
Output written on pdf//CompilerTheory.pdf (22 pages, 83079 bytes).
PDF statistics:
 95 PDF objects out of 1000 (max. 8388607)
 62 compressed objects within 1 object stream
 0 named destinations out of 1000 (max. 500000)
 21 words of extra memory for PDF output out of 10000 (max. 10000000)

